<?xml version="1.0" encoding="UTF-8"?>
<!-- Generated by org.testng.reporters.JUnitXMLReporter -->
<testsuite ignored="0" hostname="Nicholass-MacBook-Air.local" failures="2" tests="2" name="Test" time="31.344" errors="0" timestamp="2021-03-02T11:57:06 PST">
  <testcase classname="AppiumE2E.AppiumE2E.SwitchingToWebView" name="SwitchToWebViewTest" time="15.244">
    <failure type="java.io.IOException" message="Cannot run program &amp;quot;cmd&amp;quot;: error=2, No such file or directory">
      <![CDATA[java.io.IOException: Cannot run program "cmd": error=2, No such file or directory
at java.base/java.lang.ProcessBuilder.start(ProcessBuilder.java:1128)
at java.base/java.lang.ProcessBuilder.start(ProcessBuilder.java:1071)
at java.base/java.lang.Runtime.exec(Runtime.java:590)
at java.base/java.lang.Runtime.exec(Runtime.java:414)
at java.base/java.lang.Runtime.exec(Runtime.java:311)
at AppiumE2E.AppiumE2E.Base.startEmulator(Base.java:47)
at AppiumE2E.AppiumE2E.Base.eCommerceCapabilities(Base.java:58)
at AppiumE2E.AppiumE2E.SwitchingToWebView.SwitchToWebViewTest(SwitchingToWebView.java:33)
at java.base/java.util.ArrayList.forEach(ArrayList.java:1511)
Caused by: java.io.IOException: error=2, No such file or directory
at java.base/java.lang.ProcessImpl.forkAndExec(Native Method)
at java.base/java.lang.ProcessImpl.<init>(ProcessImpl.java:319)
at java.base/java.lang.ProcessImpl.start(ProcessImpl.java:250)
at java.base/java.lang.ProcessBuilder.start(ProcessBuilder.java:1107)
... 35 more
... Removed 27 stack frames]]>
    </failure>
  </testcase> <!-- SwitchToWebViewTest -->
  <testcase classname="AppiumE2E.AppiumE2E.MobileGesturesTest" name="MobileGestureTest" time="16.043">
    <failure type="java.io.IOException" message="Cannot run program &amp;quot;cmd&amp;quot;: error=2, No such file or directory">
      <![CDATA[java.io.IOException: Cannot run program "cmd": error=2, No such file or directory
at java.base/java.lang.ProcessBuilder.start(ProcessBuilder.java:1128)
at java.base/java.lang.ProcessBuilder.start(ProcessBuilder.java:1071)
at java.base/java.lang.Runtime.exec(Runtime.java:590)
at java.base/java.lang.Runtime.exec(Runtime.java:414)
at java.base/java.lang.Runtime.exec(Runtime.java:311)
at AppiumE2E.AppiumE2E.Base.startEmulator(Base.java:47)
at AppiumE2E.AppiumE2E.Base.eCommerceCapabilities(Base.java:58)
at AppiumE2E.AppiumE2E.MobileGesturesTest.MobileGestureTest(MobileGesturesTest.java:32)
at java.base/java.util.ArrayList.forEach(ArrayList.java:1511)
Caused by: java.io.IOException: error=2, No such file or directory
at java.base/java.lang.ProcessImpl.forkAndExec(Native Method)
at java.base/java.lang.ProcessImpl.<init>(ProcessImpl.java:319)
at java.base/java.lang.ProcessImpl.start(ProcessImpl.java:250)
at java.base/java.lang.ProcessBuilder.start(ProcessBuilder.java:1107)
... 35 more
... Removed 27 stack frames]]>
    </failure>
  </testcase> <!-- MobileGestureTest -->
</testsuite> <!-- Test -->
