<?xml version="1.0" encoding="UTF-8"?>
<testsuite xmlns:xsi="http://www.w3.org/2001/XMLSchema-instance" xsi:noNamespaceSchemaLocation="https://maven.apache.org/surefire/maven-surefire-plugin/xsd/surefire-test-report-3.0.xsd" version="3.0" name="TestSuite" time="32.999" tests="2" errors="0" skipped="0" failures="2">
  <properties>
[...]
</properties>
  <testcase name="SwitchToWebViewTest" classname="AppiumE2E.AppiumE2E.SwitchingToWebView" time="15.944">
    <failure message="Cannot run program &quot;/Users/nicholas/eclipse-workspace/AppiumE2E/resources/emulator.command&quot;: error=2, No such file or directory" type="java.io.IOException"><![CDATA[java.io.IOException: Cannot run program "/Users/nicholas/eclipse-workspace/AppiumE2E/resources/emulator.command": error=2, No such file or directory
	at AppiumE2E.AppiumE2E.SwitchingToWebView.SwitchToWebViewTest(SwitchingToWebView.java:33)
Caused by: java.io.IOException: error=2, No such file or directory
	at AppiumE2E.AppiumE2E.SwitchingToWebView.SwitchToWebViewTest(SwitchingToWebView.java:33)
]]></failure>
    <system-out><![CDATA[&amp#27;[35m[Appium]&amp#27;[39m Welcome to Appium v1.19.1
&amp#27;[35m[Appium]&amp#27;[39m Non-default server args:
&amp#27;[35m[Appium]&amp#27;[39m   address: 127.0.0.1
&amp#27;[35m[Appium]&amp#27;[39m Appium REST http interface listener started on 127.0.0.1:4723
]]></system-out>
  </testcase>
  <testcase name="MobileGestureTest" classname="AppiumE2E.AppiumE2E.MobileGesturesTest" time="15.198">
    <failure message="Cannot run program &quot;/Users/nicholas/eclipse-workspace/AppiumE2E/resources/emulator.command&quot;: error=2, No such file or directory" type="java.io.IOException"><![CDATA[java.io.IOException: Cannot run program "/Users/nicholas/eclipse-workspace/AppiumE2E/resources/emulator.command": error=2, No such file or directory
	at AppiumE2E.AppiumE2E.MobileGesturesTest.MobileGestureTest(MobileGesturesTest.java:32)
Caused by: java.io.IOException: error=2, No such file or directory
	at AppiumE2E.AppiumE2E.MobileGesturesTest.MobileGestureTest(MobileGesturesTest.java:32)
]]></failure>
    <system-out><![CDATA[You're a failure. SwitchToWebViewTest
&amp#27;[35m[HTTP]&amp#27;[39m &amp#27;[37m-->&amp#27;[39m &amp#27;[37mGET&amp#27;[39m &amp#27;[37m/wd/hub/status&amp#27;[39m
&amp#27;[35m[HTTP]&amp#27;[39m &amp#27;[90m{}&amp#27;[39m
[debug] &amp#27;[35m[GENERIC]&amp#27;[39m Calling AppiumDriver.getStatus() with args: []
[debug] &amp#27;[35m[GENERIC]&amp#27;[39m Responding to client with driver.getStatus() result: {"build":{"version":"1.19.1"}}
&amp#27;[35m[HTTP]&amp#27;[39m &amp#27;[37m<-- GET /wd/hub/status &amp#27;[39m&amp#27;[32m200&amp#27;[39m &amp#27;[90m34 ms - 68&amp#27;[39m
&amp#27;[35m[HTTP]&amp#27;[39m &amp#27;[90m&amp#27;[39m
&amp#27;[35m[Appium]&amp#27;[39m Welcome to Appium v1.19.1
&amp#27;[35m[Appium]&amp#27;[39m Non-default server args:
&amp#27;[35m[Appium]&amp#27;[39m   address: 127.0.0.1
&amp#27;[35m[HTTP]&amp#27;[39m Could not start REST http interface listener. The requested port may already be in use. Please make sure there is no other instance of this server running already.
Fatal Error: listen EADDRINUSE: address already in use 127.0.0.1:4723
    at Server.setupListenHandle [as _listen2] (node:net:1312:16)
    at listenInCluster (node:net:1360:12)
    at doListen (node:net:1498:7)
    at processTicksAndRejections (node:internal/process/task_queues:82:21)
]]></system-out>
  </testcase>
</testsuite>